De weerstation lus wordt gestart...
Start met tellen gedurende een minuut...
Tijdstip: 2025-03-21 08:40:54, Totaal aantal drukken: 0, Regenval: 0.00 mm
Regenval is opgeslagen in de database.
Start met tellen gedurende een minuut...
Tijdstip: 2025-03-21 08:41:54, Totaal aantal drukken: 0, Regenval: 0.00 mm
Regenval is opgeslagen in de database.
Start met tellen gedurende een minuut...
Tijdstip: 2025-03-21 08:42:54, Totaal aantal drukken: 0, Regenval: 0.00 mm
Regenval is opgeslagen in de database.
Start met tellen gedurende een minuut...
Tijdstip: 2025-03-21 08:43:54, Totaal aantal drukken: 0, Regenval: 0.00 mm
Regenval is opgeslagen in de database.
Start met tellen gedurende een minuut...
Tijdstip: 2025-03-21 08:44:54, Totaal aantal drukken: 0, Regenval: 0.00 mm
Regenval is opgeslagen in de database.
Start met tellen gedurende een minuut...
Tijdstip: 2025-03-21 08:45:55, Totaal aantal drukken: 0, Regenval: 0.00 mm
Regenval is opgeslagen in de database.
Start met tellen gedurende een minuut...
Tijdstip: 2025-03-21 08:46:55, Totaal aantal drukken: 0, Regenval: 0.00 mm
Regenval is opgeslagen in de database.
Start met tellen gedurende een minuut...
Tijdstip: 2025-03-21 08:47:55, Totaal aantal drukken: 0, Regenval: 0.00 mm
Regenval is opgeslagen in de database.
Start met tellen gedurende een minuut...
Tijdstip: 2025-03-21 08:48:55, Totaal aantal drukken: 0, Regenval: 0.00 mm
Regenval is opgeslagen in de database.
Start met tellen gedurende een minuut...
Tijdstip: 2025-03-21 08:49:55, Totaal aantal drukken: 0, Regenval: 0.00 mm
Regenval is opgeslagen in de database.
Start met tellen gedurende een minuut...
Tijdstip: 2025-03-21 08:50:55, Totaal aantal drukken: 0, Regenval: 0.00 mm
Regenval is opgeslagen in de database.
Start met tellen gedurende een minuut...
Tijdstip: 2025-03-21 08:51:55, Totaal aantal drukken: 0, Regenval: 0.00 mm
Regenval is opgeslagen in de database.
Start met tellen gedurende een minuut...
Tijdstip: 2025-03-21 08:52:55, Totaal aantal drukken: 0, Regenval: 0.00 mm
Regenval is opgeslagen in de database.
Start met tellen gedurende een minuut...
Tijdstip: 2025-03-21 08:53:55, Totaal aantal drukken: 0, Regenval: 0.00 mm
Regenval is opgeslagen in de database.
Start met tellen gedurende een minuut...
Tijdstip: 2025-03-21 08:54:55, Totaal aantal drukken: 0, Regenval: 0.00 mm
Regenval is opgeslagen in de database.
Start met tellen gedurende een minuut...
Tijdstip: 2025-03-21 08:55:57, Totaal aantal drukken: 0, Regenval: 0.00 mm
Regenval is opgeslagen in de database.
Start met tellen gedurende een minuut...
Tijdstip: 2025-03-21 08:56:57, Totaal aantal drukken: 0, Regenval: 0.00 mm
Regenval is opgeslagen in de database.
Start met tellen gedurende een minuut...
Tijdstip: 2025-03-21 08:57:57, Totaal aantal drukken: 0, Regenval: 0.00 mm
Regenval is opgeslagen in de database.
Start met tellen gedurende een minuut...
Tijdstip: 2025-03-21 08:58:57, Totaal aantal drukken: 0, Regenval: 0.00 mm
Regenval is opgeslagen in de database.
Start met tellen gedurende een minuut...
Tijdstip: 2025-03-21 08:59:57, Totaal aantal drukken: 0, Regenval: 0.00 mm
Regenval is opgeslagen in de database.
Start met tellen gedurende een minuut...
Tijdstip: 2025-03-21 09:00:57, Totaal aantal drukken: 0, Regenval: 0.00 mm
Regenval is opgeslagen in de database.
Start met tellen gedurende een minuut...
Tijdstip: 2025-03-21 09:01:57, Totaal aantal drukken: 0, Regenval: 0.00 mm
Regenval is opgeslagen in de database.
Start met tellen gedurende een minuut...
Tijdstip: 2025-03-21 09:02:58, Totaal aantal drukken: 0, Regenval: 0.00 mm
Regenval is opgeslagen in de database.
Start met tellen gedurende een minuut...
Tijdstip: 2025-03-21 09:03:58, Totaal aantal drukken: 0, Regenval: 0.00 mm
Regenval is opgeslagen in de database.
Start met tellen gedurende een minuut...
Tijdstip: 2025-03-21 09:04:58, Totaal aantal drukken: 0, Regenval: 0.00 mm
Regenval is opgeslagen in de database.
Start met tellen gedurende een minuut...
Tijdstip: 2025-03-21 09:05:58, Totaal aantal drukken: 0, Regenval: 0.00 mm
Regenval is opgeslagen in de database.
Start met tellen gedurende een minuut...
Tijdstip: 2025-03-21 09:06:58, Totaal aantal drukken: 0, Regenval: 0.00 mm
Regenval is opgeslagen in de database.
Start met tellen gedurende een minuut...
Tijdstip: 2025-03-21 09:07:58, Totaal aantal drukken: 0, Regenval: 0.00 mm
Regenval is opgeslagen in de database.
Start met tellen gedurende een minuut...
Tijdstip: 2025-03-21 09:08:58, Totaal aantal drukken: 0, Regenval: 0.00 mm
Regenval is opgeslagen in de database.
Start met tellen gedurende een minuut...
Tijdstip: 2025-03-21 09:09:58, Totaal aantal drukken: 0, Regenval: 0.00 mm
Regenval is opgeslagen in de database.
Start met tellen gedurende een minuut...
Tijdstip: 2025-03-21 09:10:58, Totaal aantal drukken: 0, Regenval: 0.00 mm
Regenval is opgeslagen in de database.
Start met tellen gedurende een minuut...
Tijdstip: 2025-03-21 09:11:58, Totaal aantal drukken: 0, Regenval: 0.00 mm
Regenval is opgeslagen in de database.
Start met tellen gedurende een minuut...
Tijdstip: 2025-03-21 09:12:58, Totaal aantal drukken: 0, Regenval: 0.00 mm
Regenval is opgeslagen in de database.
Start met tellen gedurende een minuut...
Tijdstip: 2025-03-21 09:13:58, Totaal aantal drukken: 0, Regenval: 0.00 mm
Regenval is opgeslagen in de database.
Start met tellen gedurende een minuut...
Tijdstip: 2025-03-21 09:14:58, Totaal aantal drukken: 0, Regenval: 0.00 mm
Regenval is opgeslagen in de database.
Start met tellen gedurende een minuut...
Tijdstip: 2025-03-21 09:15:59, Totaal aantal drukken: 0, Regenval: 0.00 mm
Regenval is opgeslagen in de database.
Start met tellen gedurende een minuut...
Tijdstip: 2025-03-21 09:16:59, Totaal aantal drukken: 0, Regenval: 0.00 mm
Regenval is opgeslagen in de database.
Start met tellen gedurende een minuut...
Tijdstip: 2025-03-21 09:17:59, Totaal aantal drukken: 0, Regenval: 0.00 mm
Regenval is opgeslagen in de database.
Start met tellen gedurende een minuut...
Tijdstip: 2025-03-21 09:18:59, Totaal aantal drukken: 0, Regenval: 0.00 mm
Regenval is opgeslagen in de database.
Start met tellen gedurende een minuut...
Tijdstip: 2025-03-21 09:19:59, Totaal aantal drukken: 0, Regenval: 0.00 mm
Regenval is opgeslagen in de database.
Start met tellen gedurende een minuut...
Tijdstip: 2025-03-21 09:20:59, Totaal aantal drukken: 0, Regenval: 0.00 mm
Regenval is opgeslagen in de database.
Start met tellen gedurende een minuut...
Tijdstip: 2025-03-21 09:21:59, Totaal aantal drukken: 0, Regenval: 0.00 mm
Regenval is opgeslagen in de database.
Start met tellen gedurende een minuut...
Tijdstip: 2025-03-21 09:22:59, Totaal aantal drukken: 0, Regenval: 0.00 mm
Regenval is opgeslagen in de database.
Start met tellen gedurende een minuut...
Tijdstip: 2025-03-21 09:23:59, Totaal aantal drukken: 0, Regenval: 0.00 mm
Regenval is opgeslagen in de database.
Start met tellen gedurende een minuut...
Tijdstip: 2025-03-21 09:24:59, Totaal aantal drukken: 0, Regenval: 0.00 mm
Regenval is opgeslagen in de database.
Start met tellen gedurende een minuut...
Tijdstip: 2025-03-21 09:26:00, Totaal aantal drukken: 0, Regenval: 0.00 mm
Regenval is opgeslagen in de database.
Start met tellen gedurende een minuut...
Tijdstip: 2025-03-21 09:27:00, Totaal aantal drukken: 0, Regenval: 0.00 mm
Regenval is opgeslagen in de database.
Start met tellen gedurende een minuut...
Tijdstip: 2025-03-21 09:28:00, Totaal aantal drukken: 0, Regenval: 0.00 mm
Regenval is opgeslagen in de database.
Start met tellen gedurende een minuut...
Tijdstip: 2025-03-21 09:29:00, Totaal aantal drukken: 0, Regenval: 0.00 mm
Regenval is opgeslagen in de database.
Start met tellen gedurende een minuut...
Tijdstip: 2025-03-21 09:30:00, Totaal aantal drukken: 0, Regenval: 0.00 mm
Regenval is opgeslagen in de database.
Start met tellen gedurende een minuut...
Tijdstip: 2025-03-21 09:31:00, Totaal aantal drukken: 0, Regenval: 0.00 mm
Regenval is opgeslagen in de database.
Start met tellen gedurende een minuut...
Tijdstip: 2025-03-21 09:32:00, Totaal aantal drukken: 0, Regenval: 0.00 mm
Regenval is opgeslagen in de database.
Start met tellen gedurende een minuut...
Tijdstip: 2025-03-21 09:33:00, Totaal aantal drukken: 0, Regenval: 0.00 mm
Regenval is opgeslagen in de database.
Start met tellen gedurende een minuut...
Tijdstip: 2025-03-21 09:34:00, Totaal aantal drukken: 0, Regenval: 0.00 mm
Regenval is opgeslagen in de database.
Start met tellen gedurende een minuut...
Tijdstip: 2025-03-21 09:35:01, Totaal aantal drukken: 0, Regenval: 0.00 mm
Regenval is opgeslagen in de database.
Start met tellen gedurende een minuut...
Tijdstip: 2025-03-21 09:36:01, Totaal aantal drukken: 0, Regenval: 0.00 mm
Regenval is opgeslagen in de database.
Start met tellen gedurende een minuut...
Tijdstip: 2025-03-21 09:37:01, Totaal aantal drukken: 0, Regenval: 0.00 mm
Regenval is opgeslagen in de database.
Start met tellen gedurende een minuut...
Tijdstip: 2025-03-21 09:38:01, Totaal aantal drukken: 0, Regenval: 0.00 mm
Regenval is opgeslagen in de database.
Start met tellen gedurende een minuut...
Tijdstip: 2025-03-21 09:39:01, Totaal aantal drukken: 0, Regenval: 0.00 mm
Regenval is opgeslagen in de database.
Start met tellen gedurende een minuut...
Tijdstip: 2025-03-21 09:40:02, Totaal aantal drukken: 0, Regenval: 0.00 mm
Regenval is opgeslagen in de database.
Start met tellen gedurende een minuut...
Tijdstip: 2025-03-21 09:41:02, Totaal aantal drukken: 0, Regenval: 0.00 mm
Regenval is opgeslagen in de database.
Start met tellen gedurende een minuut...
Tijdstip: 2025-03-21 09:42:02, Totaal aantal drukken: 0, Regenval: 0.00 mm
Regenval is opgeslagen in de database.
Start met tellen gedurende een minuut...
Tijdstip: 2025-03-21 09:43:02, Totaal aantal drukken: 0, Regenval: 0.00 mm
Regenval is opgeslagen in de database.
Start met tellen gedurende een minuut...
Tijdstip: 2025-03-21 09:44:02, Totaal aantal drukken: 0, Regenval: 0.00 mm
Regenval is opgeslagen in de database.
Start met tellen gedurende een minuut...
Tijdstip: 2025-03-21 09:45:02, Totaal aantal drukken: 0, Regenval: 0.00 mm
Regenval is opgeslagen in de database.
Start met tellen gedurende een minuut...
Tijdstip: 2025-03-21 09:46:02, Totaal aantal drukken: 0, Regenval: 0.00 mm
Regenval is opgeslagen in de database.
Start met tellen gedurende een minuut...
Tijdstip: 2025-03-21 09:47:02, Totaal aantal drukken: 0, Regenval: 0.00 mm
Regenval is opgeslagen in de database.
Start met tellen gedurende een minuut...
Tijdstip: 2025-03-21 09:48:02, Totaal aantal drukken: 0, Regenval: 0.00 mm
Regenval is opgeslagen in de database.
Start met tellen gedurende een minuut...
Tijdstip: 2025-03-21 09:49:02, Totaal aantal drukken: 0, Regenval: 0.00 mm
Regenval is opgeslagen in de database.
Start met tellen gedurende een minuut...
Tijdstip: 2025-03-21 09:50:03, Totaal aantal drukken: 0, Regenval: 0.00 mm
Regenval is opgeslagen in de database.
Start met tellen gedurende een minuut...
Tijdstip: 2025-03-21 09:51:03, Totaal aantal drukken: 0, Regenval: 0.00 mm
Regenval is opgeslagen in de database.
Start met tellen gedurende een minuut...
Tijdstip: 2025-03-21 09:52:03, Totaal aantal drukken: 0, Regenval: 0.00 mm
Regenval is opgeslagen in de database.
Start met tellen gedurende een minuut...
Tijdstip: 2025-03-21 09:53:03, Totaal aantal drukken: 0, Regenval: 0.00 mm
Regenval is opgeslagen in de database.
Start met tellen gedurende een minuut...
Tijdstip: 2025-03-21 09:54:03, Totaal aantal drukken: 0, Regenval: 0.00 mm
Regenval is opgeslagen in de database.
Start met tellen gedurende een minuut...
Tijdstip: 2025-03-21 09:55:03, Totaal aantal drukken: 0, Regenval: 0.00 mm
Regenval is opgeslagen in de database.
Start met tellen gedurende een minuut...
Tijdstip: 2025-03-21 09:56:03, Totaal aantal drukken: 0, Regenval: 0.00 mm
Regenval is opgeslagen in de database.
Start met tellen gedurende een minuut...
Er trad een fout op: database is locked
De weerstation lus is gestopt en GPIO is opgeruimd.
