Logging sensor data. Press Ctrl+C to stop.
Data opgeslagen: Temp=28.15, Wind=0.00 km/h
Data opgeslagen: Temp=28.14, Wind=0.00 km/h
Data opgeslagen: Temp=28.14, Wind=0.00 km/h
Data opgeslagen: Temp=28.13, Wind=0.00 km/h
Data opgeslagen: Temp=28.12, Wind=0.00 km/h
Data opgeslagen: Temp=28.09, Wind=0.00 km/h
Data opgeslagen: Temp=28.06, Wind=0.00 km/h
Data opgeslagen: Temp=28.06, Wind=0.00 km/h
Data opgeslagen: Temp=28.08, Wind=0.00 km/h
Data opgeslagen: Temp=28.43, Wind=0.00 km/h
Data opgeslagen: Temp=28.40, Wind=0.00 km/h
Data opgeslagen: Temp=28.24, Wind=0.00 km/h
Data opgeslagen: Temp=28.22, Wind=0.00 km/h
Data opgeslagen: Temp=28.20, Wind=0.00 km/h
Data opgeslagen: Temp=28.25, Wind=0.00 km/h
Data opgeslagen: Temp=28.23, Wind=0.00 km/h
Data opgeslagen: Temp=28.30, Wind=0.00 km/h
Data opgeslagen: Temp=28.29, Wind=0.00 km/h
Data opgeslagen: Temp=28.52, Wind=0.00 km/h
Data opgeslagen: Temp=28.49, Wind=0.00 km/h
Data opgeslagen: Temp=28.44, Wind=0.00 km/h
Data opgeslagen: Temp=28.58, Wind=0.00 km/h
Data opgeslagen: Temp=28.51, Wind=0.00 km/h
Data opgeslagen: Temp=28.51, Wind=0.00 km/h
Data opgeslagen: Temp=28.48, Wind=0.00 km/h
Data opgeslagen: Temp=28.48, Wind=0.00 km/h
Data opgeslagen: Temp=28.44, Wind=0.00 km/h
Data opgeslagen: Temp=28.51, Wind=0.00 km/h
Data opgeslagen: Temp=28.43, Wind=0.00 km/h
Data opgeslagen: Temp=28.52, Wind=0.00 km/h
Data opgeslagen: Temp=28.43, Wind=0.00 km/h
Data opgeslagen: Temp=28.36, Wind=0.00 km/h
Data opgeslagen: Temp=28.43, Wind=0.00 km/h
Data opgeslagen: Temp=28.33, Wind=0.00 km/h
Data opgeslagen: Temp=28.23, Wind=0.00 km/h
Data opgeslagen: Temp=28.18, Wind=0.00 km/h
Data opgeslagen: Temp=28.13, Wind=0.00 km/h
Data opgeslagen: Temp=28.13, Wind=0.00 km/h
Data opgeslagen: Temp=28.13, Wind=0.00 km/h
Data opgeslagen: Temp=28.30, Wind=0.00 km/h
Data opgeslagen: Temp=28.29, Wind=0.00 km/h
Data opgeslagen: Temp=28.49, Wind=0.00 km/h
Data opgeslagen: Temp=28.47, Wind=0.00 km/h
Data opgeslagen: Temp=28.46, Wind=0.00 km/h
Data opgeslagen: Temp=28.66, Wind=0.00 km/h
Data opgeslagen: Temp=28.66, Wind=0.00 km/h
Data opgeslagen: Temp=28.74, Wind=0.00 km/h
Data opgeslagen: Temp=28.72, Wind=0.00 km/h
Data opgeslagen: Temp=28.76, Wind=0.00 km/h
Data opgeslagen: Temp=28.67, Wind=0.00 km/h
Data opgeslagen: Temp=28.72, Wind=0.00 km/h
Data opgeslagen: Temp=28.72, Wind=0.00 km/h
Data opgeslagen: Temp=28.80, Wind=0.00 km/h
Data opgeslagen: Temp=29.33, Wind=0.00 km/h
Data opgeslagen: Temp=29.25, Wind=0.00 km/h
Data opgeslagen: Temp=29.34, Wind=0.00 km/h
Data opgeslagen: Temp=29.26, Wind=0.00 km/h
Data opgeslagen: Temp=29.22, Wind=0.00 km/h
Data opgeslagen: Temp=29.29, Wind=0.00 km/h
Data opgeslagen: Temp=29.25, Wind=0.00 km/h
Data opgeslagen: Temp=29.22, Wind=0.00 km/h
Data opgeslagen: Temp=29.46, Wind=0.00 km/h
Data opgeslagen: Temp=29.39, Wind=0.00 km/h
Data opgeslagen: Temp=29.34, Wind=0.00 km/h
Data opgeslagen: Temp=29.27, Wind=0.00 km/h
Data opgeslagen: Temp=29.42, Wind=0.00 km/h
Data opgeslagen: Temp=29.35, Wind=0.00 km/h
Data opgeslagen: Temp=29.26, Wind=0.00 km/h
Data opgeslagen: Temp=29.29, Wind=0.00 km/h
Data opgeslagen: Temp=29.19, Wind=0.00 km/h
Data opgeslagen: Temp=29.11, Wind=0.00 km/h
Data opgeslagen: Temp=29.04, Wind=0.00 km/h
Data opgeslagen: Temp=29.04, Wind=0.00 km/h
Data opgeslagen: Temp=28.94, Wind=0.00 km/h
Data opgeslagen: Temp=28.98, Wind=0.00 km/h
Data opgeslagen: Temp=28.89, Wind=0.00 km/h
Data opgeslagen: Temp=28.81, Wind=0.00 km/h
Data opgeslagen: Temp=28.86, Wind=0.00 km/h
Data opgeslagen: Temp=28.80, Wind=0.00 km/h
Data opgeslagen: Temp=28.77, Wind=0.00 km/h
Data opgeslagen: Temp=28.70, Wind=0.00 km/h
Data opgeslagen: Temp=28.74, Wind=0.00 km/h
Data opgeslagen: Temp=28.68, Wind=0.00 km/h
Data opgeslagen: Temp=28.62, Wind=0.00 km/h
Data opgeslagen: Temp=28.72, Wind=0.00 km/h
Data opgeslagen: Temp=28.64, Wind=0.00 km/h
Data opgeslagen: Temp=28.55, Wind=0.00 km/h
Data opgeslagen: Temp=28.08, Wind=0.00 km/h
Data opgeslagen: Temp=28.00, Wind=0.00 km/h
Data opgeslagen: Temp=28.10, Wind=0.00 km/h
Data opgeslagen: Temp=28.03, Wind=0.00 km/h
Data opgeslagen: Temp=28.01, Wind=0.00 km/h
Data opgeslagen: Temp=27.94, Wind=0.00 km/h
Data opgeslagen: Temp=27.89, Wind=0.00 km/h
Data opgeslagen: Temp=27.82, Wind=0.00 km/h
Data opgeslagen: Temp=27.90, Wind=0.00 km/h
Data opgeslagen: Temp=27.79, Wind=0.00 km/h
Data opgeslagen: Temp=27.67, Wind=0.00 km/h
Data opgeslagen: Temp=27.69, Wind=0.00 km/h
Data opgeslagen: Temp=27.56, Wind=0.00 km/h
Data opgeslagen: Temp=27.45, Wind=0.00 km/h
Data opgeslagen: Temp=27.36, Wind=0.00 km/h
Data opgeslagen: Temp=27.31, Wind=0.00 km/h
Data opgeslagen: Temp=27.25, Wind=0.00 km/h
Data opgeslagen: Temp=27.40, Wind=0.00 km/h
Data opgeslagen: Temp=27.32, Wind=0.00 km/h
Data opgeslagen: Temp=27.25, Wind=0.00 km/h
Data opgeslagen: Temp=27.35, Wind=0.00 km/h
Data opgeslagen: Temp=27.26, Wind=0.00 km/h
Data opgeslagen: Temp=27.21, Wind=0.00 km/h
Data opgeslagen: Temp=27.16, Wind=0.00 km/h
Data opgeslagen: Temp=27.26, Wind=0.00 km/h
Data opgeslagen: Temp=27.20, Wind=0.00 km/h
Data opgeslagen: Temp=27.14, Wind=0.00 km/h
Data opgeslagen: Temp=27.26, Wind=0.00 km/h
Data opgeslagen: Temp=27.19, Wind=0.00 km/h
Data opgeslagen: Temp=27.14, Wind=0.00 km/h
Data opgeslagen: Temp=27.08, Wind=0.00 km/h
Data opgeslagen: Temp=27.14, Wind=0.00 km/h
Data opgeslagen: Temp=27.06, Wind=0.00 km/h
Data opgeslagen: Temp=26.99, Wind=0.00 km/h
Data opgeslagen: Temp=27.09, Wind=0.00 km/h
Data opgeslagen: Temp=27.00, Wind=0.00 km/h
Data opgeslagen: Temp=26.95, Wind=0.00 km/h
Data opgeslagen: Temp=26.88, Wind=0.00 km/h
Data opgeslagen: Temp=26.91, Wind=0.00 km/h
Data opgeslagen: Temp=26.84, Wind=0.00 km/h
Data opgeslagen: Temp=26.76, Wind=0.00 km/h
Data opgeslagen: Temp=26.87, Wind=0.00 km/h
Data opgeslagen: Temp=26.78, Wind=0.00 km/h
Data opgeslagen: Temp=26.74, Wind=0.00 km/h
Data opgeslagen: Temp=26.68, Wind=0.00 km/h
Data opgeslagen: Temp=26.65, Wind=0.00 km/h
Data opgeslagen: Temp=26.60, Wind=0.00 km/h
Data opgeslagen: Temp=26.66, Wind=0.00 km/h
Data opgeslagen: Temp=26.60, Wind=0.00 km/h
Data opgeslagen: Temp=26.71, Wind=0.00 km/h
Data opgeslagen: Temp=26.63, Wind=0.00 km/h
Data opgeslagen: Temp=26.54, Wind=0.00 km/h
Data opgeslagen: Temp=26.61, Wind=0.00 km/h
Data opgeslagen: Temp=26.51, Wind=0.00 km/h
Data opgeslagen: Temp=26.41, Wind=0.00 km/h
Data opgeslagen: Temp=26.33, Wind=0.00 km/h
Data opgeslagen: Temp=26.27, Wind=0.00 km/h
Data opgeslagen: Temp=26.23, Wind=0.00 km/h
Data opgeslagen: Temp=26.20, Wind=0.00 km/h
Data opgeslagen: Temp=26.19, Wind=0.00 km/h
Data opgeslagen: Temp=26.18, Wind=0.00 km/h
Data opgeslagen: Temp=26.18, Wind=0.00 km/h
Data opgeslagen: Temp=26.18, Wind=0.00 km/h
Data opgeslagen: Temp=26.17, Wind=0.00 km/h
Data opgeslagen: Temp=26.17, Wind=0.00 km/h
Data opgeslagen: Temp=26.17, Wind=0.00 km/h
Data opgeslagen: Temp=26.18, Wind=0.00 km/h
Data opgeslagen: Temp=26.19, Wind=0.00 km/h
Data opgeslagen: Temp=26.18, Wind=0.00 km/h
Data opgeslagen: Temp=26.21, Wind=0.00 km/h
Data opgeslagen: Temp=26.25, Wind=0.00 km/h
Data opgeslagen: Temp=26.28, Wind=0.00 km/h
Data opgeslagen: Temp=26.30, Wind=0.00 km/h
Data opgeslagen: Temp=26.35, Wind=0.00 km/h
Data opgeslagen: Temp=26.42, Wind=0.00 km/h
Data opgeslagen: Temp=26.49, Wind=0.00 km/h
Data opgeslagen: Temp=26.58, Wind=0.00 km/h
Data opgeslagen: Temp=26.68, Wind=0.00 km/h
Data opgeslagen: Temp=26.78, Wind=0.00 km/h
Data opgeslagen: Temp=26.87, Wind=0.00 km/h
Data opgeslagen: Temp=26.96, Wind=0.00 km/h
Data opgeslagen: Temp=27.05, Wind=0.00 km/h
Data opgeslagen: Temp=27.13, Wind=0.00 km/h
Data opgeslagen: Temp=27.21, Wind=0.00 km/h
Data opgeslagen: Temp=27.29, Wind=0.00 km/h
Data opgeslagen: Temp=27.36, Wind=0.00 km/h
Data opgeslagen: Temp=27.43, Wind=0.00 km/h
Data opgeslagen: Temp=27.51, Wind=0.00 km/h
Data opgeslagen: Temp=27.58, Wind=0.00 km/h
Data opgeslagen: Temp=27.65, Wind=0.00 km/h
Data opgeslagen: Temp=27.72, Wind=0.00 km/h
Data opgeslagen: Temp=27.79, Wind=0.00 km/h
Data opgeslagen: Temp=27.87, Wind=0.00 km/h
Data opgeslagen: Temp=27.95, Wind=0.00 km/h
Data opgeslagen: Temp=28.02, Wind=0.00 km/h
Data opgeslagen: Temp=28.07, Wind=0.00 km/h
Data opgeslagen: Temp=28.11, Wind=0.00 km/h
Data opgeslagen: Temp=28.16, Wind=0.00 km/h
Data opgeslagen: Temp=28.64, Wind=0.00 km/h
Data opgeslagen: Temp=28.65, Wind=0.00 km/h
Data opgeslagen: Temp=28.88, Wind=0.00 km/h
Data opgeslagen: Temp=28.86, Wind=0.00 km/h
Data opgeslagen: Temp=28.86, Wind=0.00 km/h
Data opgeslagen: Temp=29.11, Wind=0.00 km/h
Data opgeslagen: Temp=29.10, Wind=0.00 km/h
Data opgeslagen: Temp=29.19, Wind=0.00 km/h
Data opgeslagen: Temp=29.19, Wind=0.00 km/h
Data opgeslagen: Temp=29.28, Wind=0.00 km/h
Data opgeslagen: Temp=29.28, Wind=0.00 km/h
Data opgeslagen: Temp=29.54, Wind=0.00 km/h
Data opgeslagen: Temp=29.50, Wind=0.00 km/h
Data opgeslagen: Temp=29.46, Wind=0.00 km/h
Data opgeslagen: Temp=29.58, Wind=0.00 km/h
Data opgeslagen: Temp=29.52, Wind=0.00 km/h
Data opgeslagen: Temp=29.63, Wind=0.00 km/h
Data opgeslagen: Temp=29.56, Wind=0.00 km/h
Data opgeslagen: Temp=29.53, Wind=0.00 km/h
Data opgeslagen: Temp=29.65, Wind=0.00 km/h
Data opgeslagen: Temp=29.78, Wind=0.00 km/h
Data opgeslagen: Temp=29.65, Wind=0.00 km/h
Data opgeslagen: Temp=29.66, Wind=0.00 km/h
Data opgeslagen: Temp=29.65, Wind=0.00 km/h
Data opgeslagen: Temp=29.51, Wind=0.00 km/h
Data opgeslagen: Temp=29.40, Wind=0.00 km/h
Data opgeslagen: Temp=29.10, Wind=0.00 km/h
Data opgeslagen: Temp=28.99, Wind=0.00 km/h
Data opgeslagen: Temp=28.88, Wind=0.00 km/h
Data opgeslagen: Temp=28.94, Wind=0.00 km/h
Data opgeslagen: Temp=28.95, Wind=0.00 km/h
Data opgeslagen: Temp=28.81, Wind=0.00 km/h
Data opgeslagen: Temp=28.78, Wind=0.00 km/h
Data opgeslagen: Temp=28.76, Wind=0.00 km/h
Data opgeslagen: Temp=28.60, Wind=0.00 km/h
Data opgeslagen: Temp=28.51, Wind=0.00 km/h
Data opgeslagen: Temp=28.49, Wind=0.00 km/h
Data opgeslagen: Temp=28.44, Wind=0.00 km/h
Data opgeslagen: Temp=28.50, Wind=0.00 km/h
Data opgeslagen: Temp=28.93, Wind=0.00 km/h
Data opgeslagen: Temp=28.72, Wind=0.00 km/h
Data opgeslagen: Temp=28.45, Wind=0.00 km/h
Data opgeslagen: Temp=28.32, Wind=0.00 km/h
Data opgeslagen: Temp=28.27, Wind=0.00 km/h
Data opgeslagen: Temp=28.17, Wind=0.00 km/h
Data opgeslagen: Temp=28.25, Wind=0.00 km/h
Data opgeslagen: Temp=28.23, Wind=0.00 km/h
Data opgeslagen: Temp=28.15, Wind=0.00 km/h
Data opgeslagen: Temp=28.36, Wind=0.00 km/h
Data opgeslagen: Temp=28.26, Wind=0.00 km/h
Data opgeslagen: Temp=28.20, Wind=0.00 km/h
Data opgeslagen: Temp=28.24, Wind=0.00 km/h
Data opgeslagen: Temp=28.26, Wind=0.00 km/h
Data opgeslagen: Temp=28.24, Wind=0.00 km/h
Data opgeslagen: Temp=28.17, Wind=0.00 km/h
Data opgeslagen: Temp=28.42, Wind=0.00 km/h
Data opgeslagen: Temp=28.28, Wind=0.00 km/h
Data opgeslagen: Temp=28.13, Wind=0.00 km/h
Data opgeslagen: Temp=28.08, Wind=0.00 km/h
Data opgeslagen: Temp=28.02, Wind=0.00 km/h
Data opgeslagen: Temp=27.93, Wind=0.00 km/h
Data opgeslagen: Temp=27.82, Wind=0.00 km/h
Data opgeslagen: Temp=28.03, Wind=0.00 km/h
Data opgeslagen: Temp=27.89, Wind=0.00 km/h
Data opgeslagen: Temp=27.73, Wind=0.00 km/h
Data opgeslagen: Temp=27.70, Wind=0.00 km/h
Data opgeslagen: Temp=27.66, Wind=0.00 km/h
Data opgeslagen: Temp=27.55, Wind=0.00 km/h
Data opgeslagen: Temp=27.45, Wind=0.00 km/h
Data opgeslagen: Temp=27.66, Wind=0.00 km/h
Data opgeslagen: Temp=27.53, Wind=0.00 km/h
Data opgeslagen: Temp=27.39, Wind=0.00 km/h
Data opgeslagen: Temp=27.36, Wind=0.00 km/h
Data opgeslagen: Temp=27.35, Wind=0.00 km/h
Data opgeslagen: Temp=27.29, Wind=0.00 km/h
Data opgeslagen: Temp=27.23, Wind=0.00 km/h
Data opgeslagen: Temp=27.50, Wind=0.00 km/h
Data opgeslagen: Temp=27.38, Wind=0.00 km/h
Data opgeslagen: Temp=27.27, Wind=0.00 km/h
Data opgeslagen: Temp=27.27, Wind=0.00 km/h
Data opgeslagen: Temp=27.27, Wind=0.00 km/h
Data opgeslagen: Temp=27.21, Wind=0.00 km/h
Data opgeslagen: Temp=27.13, Wind=0.00 km/h
Data opgeslagen: Temp=27.38, Wind=0.00 km/h
Data opgeslagen: Temp=27.26, Wind=0.00 km/h
Data opgeslagen: Temp=27.16, Wind=0.00 km/h
Data opgeslagen: Temp=27.14, Wind=0.00 km/h
Data opgeslagen: Temp=27.14, Wind=0.00 km/h
Data opgeslagen: Temp=27.07, Wind=0.00 km/h
Data opgeslagen: Temp=26.99, Wind=0.00 km/h
Data opgeslagen: Temp=27.25, Wind=0.00 km/h
Data opgeslagen: Temp=27.13, Wind=0.00 km/h
Data opgeslagen: Temp=27.03, Wind=0.00 km/h
Data opgeslagen: Temp=27.02, Wind=0.00 km/h
Data opgeslagen: Temp=27.02, Wind=0.00 km/h
Data opgeslagen: Temp=26.94, Wind=0.00 km/h
Data opgeslagen: Temp=26.85, Wind=0.00 km/h
Data opgeslagen: Temp=27.08, Wind=0.00 km/h
Data opgeslagen: Temp=26.95, Wind=0.00 km/h
Data opgeslagen: Temp=26.83, Wind=0.00 km/h
Data opgeslagen: Temp=26.83, Wind=0.00 km/h
Data opgeslagen: Temp=26.82, Wind=0.00 km/h
Data opgeslagen: Temp=26.78, Wind=0.00 km/h
Data opgeslagen: Temp=26.71, Wind=0.00 km/h
Data opgeslagen: Temp=26.98, Wind=0.00 km/h
Data opgeslagen: Temp=26.86, Wind=0.00 km/h
Data opgeslagen: Temp=26.76, Wind=0.00 km/h
Data opgeslagen: Temp=26.76, Wind=0.00 km/h
Data opgeslagen: Temp=26.76, Wind=0.00 km/h
Data opgeslagen: Temp=26.72, Wind=0.00 km/h
Data opgeslagen: Temp=26.65, Wind=0.00 km/h
Data opgeslagen: Temp=26.77, Wind=0.00 km/h
Data opgeslagen: Temp=26.92, Wind=0.00 km/h
Data opgeslagen: Temp=26.74, Wind=0.00 km/h
Data opgeslagen: Temp=26.72, Wind=0.00 km/h
Data opgeslagen: Temp=26.70, Wind=0.00 km/h
Data opgeslagen: Temp=26.77, Wind=0.00 km/h
Data opgeslagen: Temp=26.96, Wind=0.00 km/h
Data opgeslagen: Temp=26.79, Wind=0.00 km/h
Data opgeslagen: Temp=26.81, Wind=0.00 km/h
Data opgeslagen: Temp=26.76, Wind=0.00 km/h
Data opgeslagen: Temp=26.79, Wind=0.00 km/h
Data opgeslagen: Temp=26.94, Wind=0.00 km/h
Data opgeslagen: Temp=26.80, Wind=0.00 km/h
Data opgeslagen: Temp=26.88, Wind=0.00 km/h
Data opgeslagen: Temp=26.83, Wind=0.00 km/h
Data opgeslagen: Temp=26.88, Wind=0.00 km/h
Data opgeslagen: Temp=26.95, Wind=0.00 km/h
Data opgeslagen: Temp=26.81, Wind=0.00 km/h
Data opgeslagen: Temp=26.96, Wind=0.00 km/h
Data opgeslagen: Temp=26.88, Wind=0.00 km/h
Data opgeslagen: Temp=26.90, Wind=0.00 km/h
Data opgeslagen: Temp=26.91, Wind=0.00 km/h
Data opgeslagen: Temp=26.79, Wind=0.00 km/h
Data opgeslagen: Temp=27.04, Wind=0.00 km/h
Data opgeslagen: Temp=26.89, Wind=0.00 km/h
Data opgeslagen: Temp=27.05, Wind=0.00 km/h
Data opgeslagen: Temp=27.01, Wind=0.00 km/h
Data opgeslagen: Temp=26.88, Wind=0.00 km/h
Data opgeslagen: Temp=27.06, Wind=0.00 km/h
Data opgeslagen: Temp=26.83, Wind=0.00 km/h
Data opgeslagen: Temp=26.93, Wind=0.00 km/h
Data opgeslagen: Temp=26.86, Wind=0.00 km/h
Data opgeslagen: Temp=26.75, Wind=0.00 km/h
Data opgeslagen: Temp=26.89, Wind=0.00 km/h
Data opgeslagen: Temp=26.69, Wind=0.00 km/h
Data opgeslagen: Temp=26.80, Wind=0.00 km/h
Data opgeslagen: Temp=26.72, Wind=0.00 km/h
Data opgeslagen: Temp=26.71, Wind=0.00 km/h
Data opgeslagen: Temp=26.76, Wind=0.00 km/h
Data opgeslagen: Temp=26.59, Wind=0.00 km/h
Data opgeslagen: Temp=26.76, Wind=0.00 km/h
Data opgeslagen: Temp=26.66, Wind=0.00 km/h
Data opgeslagen: Temp=26.65, Wind=0.00 km/h
Data opgeslagen: Temp=26.63, Wind=0.00 km/h
Data opgeslagen: Temp=26.48, Wind=0.00 km/h
Data opgeslagen: Temp=27.04, Wind=0.00 km/h
Data opgeslagen: Temp=26.69, Wind=0.00 km/h
Data opgeslagen: Temp=27.05, Wind=0.00 km/h
Data opgeslagen: Temp=26.91, Wind=0.00 km/h
Data opgeslagen: Temp=26.88, Wind=0.00 km/h
Data opgeslagen: Temp=27.01, Wind=0.00 km/h
Data opgeslagen: Temp=26.75, Wind=0.00 km/h
Data opgeslagen: Temp=27.25, Wind=0.00 km/h
Data opgeslagen: Temp=27.11, Wind=0.00 km/h
Data opgeslagen: Temp=27.30, Wind=0.00 km/h
Data opgeslagen: Temp=27.34, Wind=0.00 km/h
Data opgeslagen: Temp=27.17, Wind=0.00 km/h
Data opgeslagen: Temp=27.77, Wind=0.00 km/h
Data opgeslagen: Temp=27.66, Wind=0.00 km/h
Data opgeslagen: Temp=27.91, Wind=0.00 km/h
Data opgeslagen: Temp=27.94, Wind=0.00 km/h
Data opgeslagen: Temp=27.86, Wind=0.00 km/h
Data opgeslagen: Temp=28.46, Wind=0.00 km/h
Data opgeslagen: Temp=28.25, Wind=0.00 km/h
Data opgeslagen: Temp=28.62, Wind=0.00 km/h
Data opgeslagen: Temp=28.60, Wind=0.00 km/h
Data opgeslagen: Temp=28.49, Wind=0.00 km/h
Data opgeslagen: Temp=28.93, Wind=0.00 km/h
Data opgeslagen: Temp=28.62, Wind=0.00 km/h
Data opgeslagen: Temp=28.79, Wind=0.00 km/h
Data opgeslagen: Temp=28.72, Wind=0.00 km/h
Data opgeslagen: Temp=28.56, Wind=0.00 km/h
Data opgeslagen: Temp=28.86, Wind=0.00 km/h
Data opgeslagen: Temp=28.59, Wind=0.00 km/h
Data opgeslagen: Temp=28.75, Wind=0.00 km/h
Data opgeslagen: Temp=28.69, Wind=0.00 km/h
Data opgeslagen: Temp=28.59, Wind=0.00 km/h
Data opgeslagen: Temp=28.80, Wind=0.00 km/h
Data opgeslagen: Temp=28.52, Wind=0.00 km/h
Data opgeslagen: Temp=28.62, Wind=0.00 km/h
Data opgeslagen: Temp=28.53, Wind=0.00 km/h
Data opgeslagen: Temp=28.39, Wind=0.00 km/h
Data opgeslagen: Temp=28.45, Wind=0.00 km/h
Data opgeslagen: Temp=28.16, Wind=0.00 km/h
Data opgeslagen: Temp=28.20, Wind=0.00 km/h
Data opgeslagen: Temp=28.14, Wind=0.00 km/h
Data opgeslagen: Temp=28.04, Wind=0.00 km/h
Data opgeslagen: Temp=28.21, Wind=0.00 km/h
Data opgeslagen: Temp=27.91, Wind=0.00 km/h
Data opgeslagen: Temp=28.07, Wind=0.00 km/h
Data opgeslagen: Temp=27.85, Wind=0.00 km/h
Data opgeslagen: Temp=27.78, Wind=0.00 km/h
Data opgeslagen: Temp=27.92, Wind=0.00 km/h
Data opgeslagen: Temp=27.77, Wind=0.00 km/h
Data opgeslagen: Temp=27.95, Wind=0.00 km/h
Data opgeslagen: Temp=27.71, Wind=0.00 km/h
Data opgeslagen: Temp=27.61, Wind=0.00 km/h
Data opgeslagen: Temp=27.65, Wind=0.00 km/h
Data opgeslagen: Temp=27.55, Wind=0.00 km/h
Data opgeslagen: Temp=27.82, Wind=0.00 km/h
Data opgeslagen: Temp=27.52, Wind=0.00 km/h
Data opgeslagen: Temp=27.45, Wind=0.00 km/h
Data opgeslagen: Temp=27.32, Wind=0.00 km/h
Data opgeslagen: Temp=27.59, Wind=0.00 km/h
Data opgeslagen: Temp=27.46, Wind=0.00 km/h
Data opgeslagen: Temp=27.57, Wind=0.00 km/h
Data opgeslagen: Temp=27.50, Wind=0.00 km/h
Data opgeslagen: Temp=27.37, Wind=0.00 km/h
Data opgeslagen: Temp=27.30, Wind=0.00 km/h
Data opgeslagen: Temp=27.38, Wind=0.00 km/h
Data opgeslagen: Temp=27.45, Wind=0.00 km/h
Data opgeslagen: Temp=27.31, Wind=0.00 km/h
Data opgeslagen: Temp=27.28, Wind=0.00 km/h
Data opgeslagen: Temp=27.22, Wind=0.00 km/h
Data opgeslagen: Temp=27.15, Wind=0.00 km/h
Data opgeslagen: Temp=27.12, Wind=0.55 km/h
Data opgeslagen: Temp=27.21, Wind=0.00 km/h
Data opgeslagen: Temp=27.09, Wind=0.00 km/h
Data opgeslagen: Temp=27.09, Wind=0.00 km/h
Data opgeslagen: Temp=27.00, Wind=0.00 km/h
Data opgeslagen: Temp=26.89, Wind=0.00 km/h
Data opgeslagen: Temp=26.82, Wind=0.00 km/h
Data opgeslagen: Temp=26.81, Wind=0.00 km/h
Data opgeslagen: Temp=26.74, Wind=0.00 km/h
Data opgeslagen: Temp=26.80, Wind=0.00 km/h
Data opgeslagen: Temp=27.00, Wind=0.00 km/h
Data opgeslagen: Temp=26.85, Wind=0.00 km/h
Data opgeslagen: Temp=26.77, Wind=0.00 km/h
Data opgeslagen: Temp=26.84, Wind=0.00 km/h
Data opgeslagen: Temp=26.74, Wind=0.00 km/h
Data opgeslagen: Temp=26.77, Wind=17.36 km/h
Data opgeslagen: Temp=26.75, Wind=24.07 km/h
Data opgeslagen: Temp=26.65, Wind=27.95 km/h
Data opgeslagen: Temp=26.59, Wind=28.61 km/h
Data opgeslagen: Temp=26.62, Wind=28.46 km/h
Data opgeslagen: Temp=26.74, Wind=16.95 km/h
Data opgeslagen: Temp=26.78, Wind=6.64 km/h
Data opgeslagen: Temp=26.67, Wind=0.98 km/h
Data opgeslagen: Temp=26.69, Wind=0.00 km/h
Data opgeslagen: Temp=26.62, Wind=0.00 km/h
Data opgeslagen: Temp=26.55, Wind=0.94 km/h
Data opgeslagen: Temp=26.51, Wind=99.26 km/h
Data opgeslagen: Temp=26.55, Wind=80.75 km/h
Data opgeslagen: Temp=26.49, Wind=0.00 km/h
Data opgeslagen: Temp=26.57, Wind=105.59 km/h
Data opgeslagen: Temp=26.63, Wind=90.64 km/h
Data opgeslagen: Temp=26.54, Wind=73.86 km/h
Data opgeslagen: Temp=26.49, Wind=58.41 km/h
Data opgeslagen: Temp=26.53, Wind=44.97 km/h
Traceback (most recent call last):
  File "/home/JasperLanoote/pidjango/manage.py", line 22, in <module>
    main()
  File "/home/JasperLanoote/pidjango/manage.py", line 18, in main
    execute_from_command_line(sys.argv)
  File "/home/JasperLanoote/pidjango/djenv/lib/python3.11/site-packages/django/core/management/__init__.py", line 442, in execute_from_command_line
    utility.execute()
  File "/home/JasperLanoote/pidjango/djenv/lib/python3.11/site-packages/django/core/management/__init__.py", line 436, in execute
    self.fetch_command(subcommand).run_from_argv(self.argv)
  File "/home/JasperLanoote/pidjango/djenv/lib/python3.11/site-packages/django/core/management/base.py", line 413, in run_from_argv
    self.execute(*args, **cmd_options)
  File "/home/JasperLanoote/pidjango/djenv/lib/python3.11/site-packages/django/core/management/base.py", line 459, in execute
    output = self.handle(*args, **options)
             ^^^^^^^^^^^^^^^^^^^^^^^^^^^^^
  File "/home/JasperLanoote/pidjango/weerstation/management/commands/log_sensor_data.py", line 22, in handle
    temperature = round(sensor.temperature, 2)
                        ^^^^^^^^^^^^^^^^^^
  File "/home/JasperLanoote/pidjango/djenv/lib/python3.11/site-packages/adafruit_bme680.py", line 275, in temperature
    self._perform_reading()
  File "/home/JasperLanoote/pidjango/djenv/lib/python3.11/site-packages/adafruit_bme680.py", line 394, in _perform_reading
    raise RuntimeError("Timeout while reading sensor data")
RuntimeError: Timeout while reading sensor data
